<?xml version="1.0" encoding="UTF-8"?>
<!-- Generated by org.testng.reporters.JUnitXMLReporter -->
<testsuite hostname="DESKTOP-F3B0L8R" ignored="1" name="Default test" tests="3" failures="0" timestamp="11 thg 11 2022 14:56:43 GMT" time="0.031" errors="0">
  <testcase name="BookFlight_RoundTrip_TestCase1" time="0.005" classname="Bookings.BookFlight"/>
  <testcase name="BookFlight_RoundTrip_TestCase3" time="0.001" classname="Bookings.BookFlight"/>
  <testcase name="BookFlight_RoundTrip_TestCase2" time="0.002" classname="Bookings.BookFlight"/>
  <testcase name="BookFlight_RoundTrip_TestCase4" time="0.0" classname="Bookings.BookFlight">
    <ignored/>
  </testcase> <!-- BookFlight_RoundTrip_TestCase4 -->
</testsuite> <!-- Default test -->
