<?xml version="1.0" encoding="UTF-8"?>
<testng-results skipped="0" failed="0" ignored="1" total="4" passed="3">
  <reporter-output>
  </reporter-output>
  <suite name="Default suite" duration-ms="31" started-at="2022-11-11T14:56:43Z" finished-at="2022-11-11T14:56:43Z">
    <groups>
    </groups>
    <test name="Default test" duration-ms="31" started-at="2022-11-11T14:56:43Z" finished-at="2022-11-11T14:56:43Z">
      <class name="Bookings.BookFlight">
        <test-method status="PASS" signature="Beforetesttestcases()[pri:0, instance:Bookings.BookFlight@3e6fa38a]" name="Beforetesttestcases" is-config="true" duration-ms="6" started-at="2022-11-11T21:56:43Z" finished-at="2022-11-11T21:56:43Z">
          <reporter-output>
          </reporter-output>
        </test-method> <!-- Beforetesttestcases -->
        <test-method status="PASS" signature="BookFlight_RoundTrip_TestCase1()[pri:0, instance:Bookings.BookFlight@3e6fa38a]" name="BookFlight_RoundTrip_TestCase1" duration-ms="5" started-at="2022-11-11T21:56:43Z" finished-at="2022-11-11T21:56:43Z">
          <reporter-output>
          </reporter-output>
        </test-method> <!-- BookFlight_RoundTrip_TestCase1 -->
        <test-method status="PASS" signature="BeforeMethodTestcase1()[pri:0, instance:Bookings.BookFlight@3e6fa38a]" name="BeforeMethodTestcase1" is-config="true" duration-ms="0" started-at="2022-11-11T21:56:43Z" finished-at="2022-11-11T21:56:43Z">
          <reporter-output>
          </reporter-output>
        </test-method> <!-- BeforeMethodTestcase1 -->
        <test-method status="PASS" signature="BeforeMethodTestcase1()[pri:0, instance:Bookings.BookFlight@3e6fa38a]" name="BeforeMethodTestcase1" is-config="true" duration-ms="1" started-at="2022-11-11T21:56:43Z" finished-at="2022-11-11T21:56:43Z">
          <reporter-output>
          </reporter-output>
        </test-method> <!-- BeforeMethodTestcase1 -->
        <test-method status="PASS" signature="BookFlight_RoundTrip_TestCase3()[pri:0, instance:Bookings.BookFlight@3e6fa38a]" name="BookFlight_RoundTrip_TestCase3" duration-ms="1" started-at="2022-11-11T21:56:43Z" finished-at="2022-11-11T21:56:43Z">
          <reporter-output>
          </reporter-output>
        </test-method> <!-- BookFlight_RoundTrip_TestCase3 -->
        <test-method status="PASS" signature="BeforeMethodTestcase1()[pri:0, instance:Bookings.BookFlight@3e6fa38a]" name="BeforeMethodTestcase1" is-config="true" duration-ms="1" started-at="2022-11-11T21:56:43Z" finished-at="2022-11-11T21:56:43Z">
          <reporter-output>
          </reporter-output>
        </test-method> <!-- BeforeMethodTestcase1 -->
        <test-method status="PASS" signature="BookFlight_RoundTrip_TestCase2()[pri:0, instance:Bookings.BookFlight@3e6fa38a]" name="BookFlight_RoundTrip_TestCase2" duration-ms="2" started-at="2022-11-11T21:56:43Z" depends-on-methods="Bookings.BookFlight.BookFlight_RoundTrip_TestCase1" finished-at="2022-11-11T21:56:43Z">
          <reporter-output>
          </reporter-output>
        </test-method> <!-- BookFlight_RoundTrip_TestCase2 -->
        <test-method status="PASS" signature="Aftertesttestcase1()[pri:0, instance:Bookings.BookFlight@3e6fa38a]" name="Aftertesttestcase1" is-config="true" duration-ms="0" started-at="2022-11-11T21:56:43Z" finished-at="2022-11-11T21:56:43Z">
          <reporter-output>
          </reporter-output>
        </test-method> <!-- Aftertesttestcase1 -->
      </class> <!-- Bookings.BookFlight -->
    </test> <!-- Default test -->
  </suite> <!-- Default suite -->
</testng-results>
