<?xml version="1.0" encoding="UTF-8"?>
<!-- Generated by org.testng.reporters.JUnitXMLReporter -->
<testsuite hostname="P13M14" ignored="0" name="Test" tests="10" failures="0" timestamp="31 Oct 2022 09:36:37 GMT" time="0.031" errors="0">
  <testcase name="BookHolidayPackage_departure" time="0.006" classname="Bookings.BookHolidayPackage"/>
  <testcase name="BookHolidayPackage_destination" time="0.001" classname="Bookings.BookHolidayPackage"/>
  <testcase name="BookHolidayPackage_return" time="0.0" classname="Bookings.BookHolidayPackage"/>
  <testcase name="BookFlight_OneWay_Testcase1" time="0.001" classname="Bookings.BookFlight"/>
  <testcase name="BookFlight_OneWay_Testcase2" time="0.0" classname="Bookings.BookFlight"/>
  <testcase name="BookFlight_RoundTrip_Testcase1" time="0.0" classname="Bookings.BookFlight"/>
  <testcase name="BookFlight_RoundTrip_Testcase2" time="0.001" classname="Bookings.BookFlight"/>
  <testcase name="BookHotel_CheckOut" time="0.001" classname="Bookings.BookHotel"/>
  <testcase name="BookHotel_Checkin" time="0.001" classname="Bookings.BookHotel"/>
  <testcase name="BookHotel_DestinationCity" time="0.0" classname="Bookings.BookHotel"/>
</testsuite> <!-- Test -->
